<?xml version="1.0" encoding="UTF-8"?>
<coverage generated="1785758013381" clover="3.2.0">
  <project timestamp="1785758013381" name="All files">
    <metrics statements="16" coveredstatements="13" conditionals="12" coveredconditionals="8" methods="3" coveredmethods="3" elements="31" coveredelements="24" complexity="0" loc="16" ncloc="16" packages="1" files="1" classes="1"/>
    <file name="cors.js" path="/workspaces/Test_Automation_Fincore_Backup/app/src/utils/cors.js">
      <metrics statements="16" coveredstatements="13" conditionals="12" coveredconditionals="8" methods="3" coveredmethods="3"/>
      <line num="1" count="1" type="stmt"/>
      <line num="15" count="2" type="cond" truecount="2" falsecount="0"/>
      <line num="17" count="3" type="stmt"/>
      <line num="20" count="2" type="stmt"/>
      <line num="24" count="5" type="cond" truecount="1" falsecount="1"/>
      <line num="25" count="0" type="stmt"/>
      <line num="28" count="5" type="stmt"/>
      <line num="29" count="5" type="cond" truecount="1" falsecount="1"/>
      <line num="30" count="0" type="stmt"/>
      <line num="33" count="5" type="cond" truecount="4" falsecount="0"/>
      <line num="34" count="4" type="stmt"/>
      <line num="37" count="1" type="stmt"/>
      <line num="38" count="1" type="stmt"/>
      <line num="39" count="1" type="stmt"/>
      <line num="41" count="0" type="stmt"/>
      <line num="45" count="1" type="stmt"/>
    </file>
  </project>
</coverage>
