{"/workspaces/Test_Automation_Fincore_Backup/app/src/utils/cors.js": {"path":"/workspaces/Test_Automation_Fincore_Backup/app/src/utils/cors.js","statementMap":{"0":{"start":{"line":1,"column":32},"end":{"line":12,"column":1}},"1":{"start":{"line":15,"column":30},"end":{"line":18,"column":24}},"2":{"start":{"line":17,"column":25},"end":{"line":17,"column":38}},"3":{"start":{"line":20,"column":4},"end":{"line":20,"column":76}},"4":{"start":{"line":24,"column":4},"end":{"line":26,"column":5}},"5":{"start":{"line":25,"column":8},"end":{"line":25,"column":20}},"6":{"start":{"line":28,"column":29},"end":{"line":28,"column":42}},"7":{"start":{"line":29,"column":4},"end":{"line":31,"column":5}},"8":{"start":{"line":30,"column":8},"end":{"line":30,"column":20}},"9":{"start":{"line":33,"column":4},"end":{"line":35,"column":5}},"10":{"start":{"line":34,"column":8},"end":{"line":34,"column":20}},"11":{"start":{"line":37,"column":4},"end":{"line":42,"column":5}},"12":{"start":{"line":38,"column":29},"end":{"line":38,"column":54}},"13":{"start":{"line":39,"column":8},"end":{"line":39,"column":68}},"14":{"start":{"line":41,"column":8},"end":{"line":41,"column":21}},"15":{"start":{"line":45,"column":0},"end":{"line":49,"column":2}}},"fnMap":{"0":{"name":"getAllowedOrigins","decl":{"start":{"line":14,"column":9},"end":{"line":14,"column":26}},"loc":{"start":{"line":14,"column":42},"end":{"line":21,"column":1}},"line":14},"1":{"name":"(anonymous_1)","decl":{"start":{"line":17,"column":13},"end":{"line":17,"column":14}},"loc":{"start":{"line":17,"column":25},"end":{"line":17,"column":38}},"line":17},"2":{"name":"isOriginAllowed","decl":{"start":{"line":23,"column":9},"end":{"line":23,"column":24}},"loc":{"start":{"line":23,"column":54},"end":{"line":43,"column":1}},"line":23}},"branchMap":{"0":{"loc":{"start":{"line":14,"column":27},"end":{"line":14,"column":40}},"type":"default-arg","locations":[{"start":{"line":14,"column":38},"end":{"line":14,"column":40}}],"line":14},"1":{"loc":{"start":{"line":15,"column":31},"end":{"line":15,"column":45}},"type":"binary-expr","locations":[{"start":{"line":15,"column":31},"end":{"line":15,"column":39}},{"start":{"line":15,"column":43},"end":{"line":15,"column":45}}],"line":15},"2":{"loc":{"start":{"line":23,"column":33},"end":{"line":23,"column":52}},"type":"default-arg","locations":[{"start":{"line":23,"column":50},"end":{"line":23,"column":52}}],"line":23},"3":{"loc":{"start":{"line":24,"column":4},"end":{"line":26,"column":5}},"type":"if","locations":[{"start":{"line":24,"column":4},"end":{"line":26,"column":5}},{"start":{},"end":{}}],"line":24},"4":{"loc":{"start":{"line":29,"column":4},"end":{"line":31,"column":5}},"type":"if","locations":[{"start":{"line":29,"column":4},"end":{"line":31,"column":5}},{"start":{},"end":{}}],"line":29},"5":{"loc":{"start":{"line":33,"column":4},"end":{"line":35,"column":5}},"type":"if","locations":[{"start":{"line":33,"column":4},"end":{"line":35,"column":5}},{"start":{},"end":{}}],"line":33},"6":{"loc":{"start":{"line":33,"column":8},"end":{"line":33,"column":81}},"type":"binary-expr","locations":[{"start":{"line":33,"column":8},"end":{"line":33,"column":36}},{"start":{"line":33,"column":40},"end":{"line":33,"column":81}}],"line":33}},"s":{"0":1,"1":2,"2":3,"3":2,"4":5,"5":0,"6":5,"7":5,"8":0,"9":5,"10":4,"11":1,"12":1,"13":1,"14":0,"15":1},"f":{"0":2,"1":3,"2":5},"b":{"0":[0],"1":[2,1],"2":[0],"3":[0,5],"4":[0,5],"5":[4,1],"6":[5,5]},"_coverageSchema":"1a1c01bbd47fc00a2c39e90264f33305004495a9","hash":"ebe86f6a39c63b8a4706a07c343f3cb1cccdd21b"}
}
