TN:
SF:src/utils/cors.js
FN:14,getAllowedOrigins
FN:17,(anonymous_1)
FN:23,isOriginAllowed
FNF:3
FNH:3
FNDA:2,getAllowedOrigins
FNDA:3,(anonymous_1)
FNDA:5,isOriginAllowed
DA:1,1
DA:15,2
DA:17,3
DA:20,2
DA:24,5
DA:25,0
DA:28,5
DA:29,5
DA:30,0
DA:33,5
DA:34,4
DA:37,1
DA:38,1
DA:39,1
DA:41,0
DA:45,1
LF:16
LH:13
BRDA:14,0,0,0
BRDA:15,1,0,2
BRDA:15,1,1,1
BRDA:23,2,0,0
BRDA:24,3,0,0
BRDA:24,3,1,5
BRDA:29,4,0,0
BRDA:29,4,1,5
BRDA:33,5,0,4
BRDA:33,5,1,1
BRDA:33,6,0,5
BRDA:33,6,1,5
BRF:12
BRH:8
end_of_record
